Attempting DB connection
DB connected successfully
Attempting DB connection
DB connected successfully
Attempting DB connection
DB connected successfully
Attempting DB connection
DB connected successfully
Attempting DB connection
DB connected successfully
Attempting DB connection
DB connected successfully
Attempting DB connection
DB connected successfully
Attempting DB connection
DB connected successfully
Attempting DB connection
DB connected successfully
Attempting DB connection
DB connected successfully
Attempting DB connection
DB connected successfully
Attempting DB connection
DB connected successfully
Attempting DB connection
DB connected successfully
Attempting DB connection
DB connected successfully
Attempting DB connection
DB connected successfully
Attempting DB connection
DB connected successfully
Attempting DB connection
DB connected successfully
Attempting DB connection
DB connected successfully
Attempting DB connection
DB connected successfully
Attempting DB connection
DB connected successfully
Attempting DB connection
DB connected successfully
Attempting DB connection
DB connected successfully
Attempting DB connection
DB connected successfully
Attempting DB connection
DB connected successfully
Attempting DB connection
DB connected successfully
Attempting DB connection
DB connected successfully
Attempting DB connection
DB connected successfully
Attempting DB connection
[31-May-2025 08:08:02 Europe/Berlin] PHP Warning:  mysqli::__construct(): Error while reading greeting packet. PID=376 in C:\xampp\htdocs\login\public_html\api\dbconnect.php on line 6
[31-May-2025 08:08:02 Europe/Berlin] Error in getUsers.php: MySQL server has gone away
#0 C:\xampp\htdocs\login\public_html\api\dbconnect.php(6): mysqli->__construct('localhost', 'root', Object(SensitiveParameterValue), 'sarrahh')
#1 C:\xampp\htdocs\login\public_html\api\getUsers.php(25): getDBConnection()
#2 {main}
Attempting DB connection
DB connected successfully
Attempting DB connection
DB connected successfully
Attempting DB connection
DB connected successfully
Attempting DB connection
DB connected successfully
Attempting DB connection
DB connected successfully
Attempting DB connection
DB connected successfully
Attempting DB connection
DB connected successfully
Attempting DB connection
DB connected successfully
